* using log directory '/home/david/t/ParallelR2/src/library/taskPR/..Rcheck'
* using R version 2.6.2 (2008-02-08)
* checking for file './DESCRIPTION' ... OK
* this is package 'taskPR' version '0.30'
* checking package dependencies ... OK
* checking if this is a source package ... WARNING
Subdirectory './src' contains object files.
* checking whether package 'taskPR' can be installed ... OK
* checking package directory ... OK
* checking for portable file names ... OK
* checking for sufficient/correct file permissions ... OK
* checking DESCRIPTION meta-information ... OK
* checking top-level files ... OK
* checking index information ... OK
* checking package subdirectories ... OK
* checking R files for non-ASCII characters ... OK
* checking R files for syntax errors ... OK
* checking whether the package can be loaded ... OK
* checking whether the package can be loaded with stated dependencies ... OK
* checking for unstated dependencies in R code ... OK
* checking S3 generic/method consistency ... OK
* checking replacement functions ... OK
* checking foreign function calls ... OK
* checking R code for possible problems ... NOTE
Error in firstlib(which.lib.loc, package) : 
  Tcl/Tk support is not available on this system
StartPE: no visible global function definition for ‘error’
* checking Rd files ... OK
* checking Rd cross-references ... OK
* checking for missing documentation entries ... OK
* checking for code/documentation mismatches ... OK
* checking Rd \usage sections ... OK
* checking line endings in C/C++/Fortran sources/headers ... OK
* checking line endings in Makefiles ... OK
* checking for portable compilation flags in Makevars ... OK
* checking for portable use of $BLAS_LIBS ... OK
* creating taskPR-Ex.R ... OK
* checking examples ... OK
* creating taskPR-manual.tex ... OK
