* Installing *source* package 'taskPR' ...
checking for gcc... gcc
checking for C compiler default output file name... a.out
checking whether the C compiler works... yes
checking whether we are cross compiling... no
checking for suffix of executables... 
checking for suffix of object files... o
checking whether we are using the GNU C compiler... yes
checking whether gcc accepts -g... yes
checking for gcc option to accept ISO C89... none needed
checking how to run the C preprocessor... gcc -E
checking for grep that handles long lines and -e... /bin/grep
checking for egrep... /bin/grep -E
checking for ANSI C header files... yes
checking for sys/types.h... yes
checking for sys/stat.h... yes
checking for stdlib.h... yes
checking for string.h... yes
checking for memory.h... yes
checking for strings.h... yes
checking for inttypes.h... yes
checking for stdint.h... yes
checking for unistd.h... yes
checking mpi.h usability... no
checking mpi.h presence... no
checking for mpi.h... no
Try to find mpi.h ...
Found in /usr/include/lam
checking for pthread_create... no
checking for pthread_create... yes
Using -pthread flag
checking for MPI_Comm_spawn... no
checking for MPI_Comm_spawn in -lmpi... yes
checking whether gcc -Wall is understood... yes
configure: creating ./config.status
config.status: creating src/Makevars
** libs
** arch - 
gcc -std=gnu99 -I/home/david/Parallel-R/R-2.6.2/include -I/home/david/Parallel-R/R-2.6.2/include  -I/usr/include/lam   -g -O2 -pthread -DHAVE_MPI  -Wall -I/usr/include/lam -DPARALLEL_R_PACKAGE -fpic  -g -O2 -c extra.c -o extra.o
extra.c: In function ‘Decompose1’:
extra.c:630: warning: cast from pointer to integer of different size
gcc -std=gnu99 -I/home/david/Parallel-R/R-2.6.2/include -I/home/david/Parallel-R/R-2.6.2/include  -I/usr/include/lam   -g -O2 -pthread -DHAVE_MPI  -Wall -I/usr/include/lam -DPARALLEL_R_PACKAGE -fpic  -g -O2 -c scheduler.c -o scheduler.o
gcc -std=gnu99 -I/home/david/Parallel-R/R-2.6.2/include -I/home/david/Parallel-R/R-2.6.2/include  -I/usr/include/lam   -g -O2 -pthread -DHAVE_MPI  -Wall -I/usr/include/lam -DPARALLEL_R_PACKAGE -fpic  -g -O2 -c worker.c -o worker.o
worker.c: In function ‘ReceiveResult’:
worker.c:145: warning: unused variable ‘t2’
worker.c:145: warning: unused variable ‘t1’
gcc -std=gnu99 -I/home/david/Parallel-R/R-2.6.2/include -I/home/david/Parallel-R/R-2.6.2/include  -I/usr/include/lam   -g -O2 -pthread -DHAVE_MPI  -Wall -I/usr/include/lam -DPARALLEL_R_PACKAGE -fpic  -g -O2 -c hashtable.c -o hashtable.o
hashtable.c: In function ‘HCreate’:
hashtable.c:247: warning: format ‘%d’ expects type ‘int’, but argument 5 has type ‘long unsigned int’
gcc -std=gnu99 -I/home/david/Parallel-R/R-2.6.2/include -I/home/david/Parallel-R/R-2.6.2/include  -I/usr/include/lam   -g -O2 -pthread -DHAVE_MPI  -Wall -I/usr/include/lam -DPARALLEL_R_PACKAGE -fpic  -g -O2 -c peval.c -o peval.o
gcc -std=gnu99 -I/home/david/Parallel-R/R-2.6.2/include -I/home/david/Parallel-R/R-2.6.2/include  -I/usr/include/lam   -g -O2 -pthread -DHAVE_MPI  -Wall -I/usr/include/lam -DPARALLEL_R_PACKAGE -fpic  -g -O2 -c mpspawn.c -o mpspawn.o
gcc -std=gnu99 -shared -L/usr/local/lib64 -o taskPR.so extra.o scheduler.o worker.o hashtable.o peval.o mpspawn.o -lmpi  -L/usr/lib/lam  -g -O2 -pthread -DHAVE_MPI  -Wall -I/usr/include/lam -DPARALLEL_R_PACKAGE
** R
** exec
** help
 >>> Building/Updating help pages for package 'taskPR'
     Formats: text html latex example 
  PE                                text    html    latex   example
  POBJ                              text    html    latex   example
  SetupPE                           text    html    latex   example
  StartWorker                       text    html    latex   example
** building package indices ...
* DONE (taskPR)
